c:\users\xion\desktop\cis17b-final-newrepo\birchengine - 22 - assetmanager\bin\intermediates\win32\debug\vc142.pdb
c:\users\xion\desktop\cis17b-final-newrepo\birchengine - 22 - assetmanager\bin\intermediates\win32\debug\vc142.idb
c:\users\xion\desktop\cis17b-final-newrepo\birchengine - 22 - assetmanager\bin\intermediates\win32\debug\vector2d.obj
c:\users\xion\desktop\cis17b-final-newrepo\birchengine - 22 - assetmanager\bin\intermediates\win32\debug\ecs.obj
c:\users\xion\desktop\cis17b-final-newrepo\birchengine - 22 - assetmanager\bin\intermediates\win32\debug\constants.obj
c:\users\xion\desktop\cis17b-final-newrepo\birchengine - 22 - assetmanager\bin\intermediates\win32\debug\texturemanager.obj
c:\users\xion\desktop\cis17b-final-newrepo\birchengine - 22 - assetmanager\bin\intermediates\win32\debug\screenmanager.obj
c:\users\xion\desktop\cis17b-final-newrepo\birchengine - 22 - assetmanager\bin\intermediates\win32\debug\map.obj
c:\users\xion\desktop\cis17b-final-newrepo\birchengine - 22 - assetmanager\bin\intermediates\win32\debug\main.obj
c:\users\xion\desktop\cis17b-final-newrepo\birchengine - 22 - assetmanager\bin\intermediates\win32\debug\game.obj
c:\users\xion\desktop\cis17b-final-newrepo\birchengine - 22 - assetmanager\bin\intermediates\win32\debug\collision.obj
c:\users\xion\desktop\cis17b-final-newrepo\birchengine - 22 - assetmanager\bin\intermediates\win32\debug\assetmanager.obj
c:\users\xion\desktop\cis17b-final-newrepo\birchengine - 22 - assetmanager\bin\win32\debug\birchengine.pdb
c:\users\xion\desktop\cis17b-final-newrepo\birchengine - 22 - assetmanager\bin\intermediates\win32\debug\birchengine.tlog\cl.command.1.tlog
c:\users\xion\desktop\cis17b-final-newrepo\birchengine - 22 - assetmanager\bin\intermediates\win32\debug\birchengine.tlog\cl.read.1.tlog
c:\users\xion\desktop\cis17b-final-newrepo\birchengine - 22 - assetmanager\bin\intermediates\win32\debug\birchengine.tlog\cl.write.1.tlog
c:\users\xion\desktop\cis17b-final-newrepo\birchengine - 22 - assetmanager\bin\intermediates\win32\debug\birchengine.tlog\link-cvtres.read.1.tlog
c:\users\xion\desktop\cis17b-final-newrepo\birchengine - 22 - assetmanager\bin\intermediates\win32\debug\birchengine.tlog\link-cvtres.write.1.tlog
c:\users\xion\desktop\cis17b-final-newrepo\birchengine - 22 - assetmanager\bin\intermediates\win32\debug\birchengine.tlog\link-rc.read.1.tlog
c:\users\xion\desktop\cis17b-final-newrepo\birchengine - 22 - assetmanager\bin\intermediates\win32\debug\birchengine.tlog\link-rc.write.1.tlog
c:\users\xion\desktop\cis17b-final-newrepo\birchengine - 22 - assetmanager\bin\intermediates\win32\debug\birchengine.tlog\link.command.1.tlog
c:\users\xion\desktop\cis17b-final-newrepo\birchengine - 22 - assetmanager\bin\intermediates\win32\debug\birchengine.tlog\link.read.1.tlog
c:\users\xion\desktop\cis17b-final-newrepo\birchengine - 22 - assetmanager\bin\intermediates\win32\debug\birchengine.tlog\link.write.1.tlog
